[0319/122517.777:ERROR:process_reader_win.cc(123)] NtOpenThread: {Access Denied} A process has requested access to an object, but has not been granted those access rights. (0xc0000022)
[0319/122517.783:ERROR:exception_snapshot_win.cc(98)] thread ID 4820 not found in process
[0319/122517.803:ERROR:process_reader_win.cc(123)] NtOpenThread: {Access Denied} A process has requested access to an object, but has not been granted those access rights. (0xc0000022)
[0319/122517.803:ERROR:exception_snapshot_win.cc(98)] thread ID 3380 not found in process
[0319/122517.744:ERROR:process_reader_win.cc(123)] NtOpenThread: {Access Denied} A process has requested access to an object, but has not been granted those access rights. (0xc0000022)
[0319/122517.804:ERROR:exception_snapshot_win.cc(98)] thread ID 4880 not found in process
[0319/122517.843:ERROR:process_reader_win.cc(123)] NtOpenThread: {Access Denied} A process has requested access to an object, but has not been granted those access rights. (0xc0000022)
[0319/122517.843:ERROR:exception_snapshot_win.cc(98)] thread ID 4104 not found in process
[0319/122517.866:ERROR:process_reader_win.cc(123)] NtOpenThread: {Access Denied} A process has requested access to an object, but has not been granted those access rights. (0xc0000022)
[0319/122517.866:ERROR:exception_snapshot_win.cc(98)] thread ID 3228 not found in process
[0319/122517.916:ERROR:process_reader_win.cc(123)] NtOpenThread: {Access Denied} A process has requested access to an object, but has not been granted those access rights. (0xc0000022)
[0319/122517.916:ERROR:exception_snapshot_win.cc(98)] thread ID 1784 not found in process
[0319/122517.916:ERROR:scoped_process_suspend.cc(31)] NtSuspendProcess: An attempt was made to access an exiting process. (0xc000010a)
[0319/122517.919:ERROR:process_info.cc(118)] ReadProcessMemory bool __cdecl crashpad::(anonymous namespace)::ReadStruct(HANDLE, crashpad::WinVMAddress, T *) [T = crashpad::process_types::PEB<crashpad::process_types::internal::Traits64>]: Only part of a ReadProcessMemory or WriteProcessMemory request was completed. (0x12B)
[0319/122517.920:ERROR:process_info.cc(551)] ReadProcessData failed
[0319/122517.939:ERROR:process_info.cc(329)] VirtualQueryEx: Access is denied. (0x5)
[0319/122517.939:ERROR:process_info.cc(556)] ReadMemoryInfo failed
[0319/122517.939:ERROR:process_memory_win.cc(39)] Failed to initialize ProcessInfo.
[0319/122517.939:ERROR:scoped_process_suspend.cc(40)] NtResumeProcess: An attempt was made to access an exiting process. (0xc000010a)
[0319/131530.709:ERROR:process_reader_win.cc(123)] NtOpenThread: {Access Denied} A process has requested access to an object, but has not been granted those access rights. (0xc0000022)
[0319/131530.709:ERROR:exception_snapshot_win.cc(98)] thread ID 4256 not found in process
[0319/134816.950:ERROR:process_reader_win.cc(123)] NtOpenThread: {Access Denied} A process has requested access to an object, but has not been granted those access rights. (0xc0000022)
[0319/134816.950:ERROR:exception_snapshot_win.cc(98)] thread ID 1528 not found in process
[0319/134816.957:ERROR:process_reader_win.cc(123)] NtOpenThread: {Access Denied} A process has requested access to an object, but has not been granted those access rights. (0xc0000022)
[0319/134816.957:ERROR:exception_snapshot_win.cc(98)] thread ID 5008 not found in process
[0319/134816.970:ERROR:process_reader_win.cc(123)] NtOpenThread: {Access Denied} A process has requested access to an object, but has not been granted those access rights. (0xc0000022)
[0319/134816.970:ERROR:exception_snapshot_win.cc(98)] thread ID 1784 not found in process
[0319/134816.995:ERROR:process_reader_win.cc(123)] NtOpenThread: {Access Denied} A process has requested access to an object, but has not been granted those access rights. (0xc0000022)
[0319/134816.995:ERROR:exception_snapshot_win.cc(98)] thread ID 4652 not found in process
[0319/134817.050:ERROR:process_reader_win.cc(151)] SuspendThread: Access is denied. (0x5)
[0319/134817.050:ERROR:process_reader_win.cc(123)] NtOpenThread: {Access Denied} A process has requested access to an object, but has not been granted those access rights. (0xc0000022)
[0319/134817.050:ERROR:exception_snapshot_win.cc(98)] thread ID 1244 not found in process
